<?xml version="1.0" encoding="UTF-8"?>
<testng-results ignored="0" total="1" passed="1" failed="0" skipped="0">
  <reporter-output>
  </reporter-output>
  <suite started-at="2024-12-10T16:03:23 IST" name="Default suite" finished-at="2024-12-10T16:03:25 IST" duration-ms="1764">
    <groups>
    </groups>
    <test started-at="2024-12-10T16:03:23 IST" name="Default test" finished-at="2024-12-10T16:03:25 IST" duration-ms="1764">
      <class name="TypesOfParameter.PARAMParamTest">
        <test-method signature="sampleTest()[pri:0, instance:TypesOfParameter.PARAMParamTest@7c7a06ec]" started-at="2024-12-10T16:03:23 IST" name="sampleTest" finished-at="2024-12-10T16:03:25 IST" duration-ms="1703" status="PASS">
          <reporter-output>
          </reporter-output>
        </test-method> <!-- sampleTest -->
      </class> <!-- TypesOfParameter.PARAMParamTest -->
    </test> <!-- Default test -->
  </suite> <!-- Default suite -->
</testng-results>
